2024-01-06 14:47:01,906{GMT}	INFO	[jepsen test runner] jepsen.core: Command line:
lein run test -w echo --bin ./challange_1.py --node-count 1 --time-limit 10
2024-01-06 14:47:01,938{GMT}	INFO	[jepsen test runner] jepsen.core: Running test:
{:args []
 :remote
 #jepsen.control.retry.Remote{:remote #jepsen.control.scp.Remote{:cmd-remote #jepsen.control.sshj.SSHJRemote{:concurrency-limit 6,
                                                                                                             :conn-spec nil,
                                                                                                             :client nil,
                                                                                                             :semaphore nil},
                                                                 :conn-spec nil},
                              :conn nil}
 :log-net-send false
 :node-count 1
 :availability nil
 :max-txn-length 4
 :concurrency 1
 :db
 #object[maelstrom.db$db$reify__16142
         "0x4867e76b"
         "maelstrom.db$db$reify__16142@4867e76b"]
 :max-writes-per-key 16
 :leave-db-running? false
 :name "echo"
 :logging-json? false
 :start-time
 #object[org.joda.time.DateTime "0x4b48be5c" "2024-01-06T14:47:01.874+05:30"]
 :nemesis-interval 10
 :net
 #object[maelstrom.net$jepsen_net$reify__15251
         "0x3fe8d57a"
         "maelstrom.net$jepsen_net$reify__15251@3fe8d57a"]
 :client
 #object[maelstrom.workload.echo$client$reify__16863
         "0x36573ec5"
         "maelstrom.workload.echo$client$reify__16863@36573ec5"]
 :barrier
 #object[java.util.concurrent.CyclicBarrier
         "0x10c26161"
         "java.util.concurrent.CyclicBarrier@10c26161"]
 :log-stderr false
 :pure-generators true
 :ssh {:dummy? true}
 :rate 5
 :checker
 #object[jepsen.checker$compose$reify__11881
         "0x1ef6977b"
         "jepsen.checker$compose$reify__11881@1ef6977b"]
 :argv
 ("test"
  "-w"
  "echo"
  "--bin"
  "./challange_1.py"
  "--node-count"
  "1"
  "--time-limit"
  "10")
 :nemesis
 (jepsen.nemesis.ReflCompose
  {:fm {:start-partition 0,
        :stop-partition 0,
        :kill 1,
        :start 1,
        :pause 1,
        :resume 1},
   :nemeses [#unprintable "jepsen.nemesis.combined$partition_nemesis$reify__16416@674cd2da"
             #unprintable "jepsen.nemesis.combined$db_nemesis$reify__16397@686279e0"]})
 :nodes ["n0"]
 :test-count 1
 :latency {:mean 0, :dist :constant}
 :bin "./challange_1.py"
 :generator
 (jepsen.generator.TimeLimit
  {:limit 10000000000,
   :cutoff nil,
   :gen (jepsen.generator.Any
         {:gens [(jepsen.generator.OnThreads
                  {:f #{:nemesis},
                   :context-filter #object[jepsen.generator.context$make_thread_filter$lazy_filter__9167
                                           "0x60a3a0fa"
                                           "jepsen.generator.context$make_thread_filter$lazy_filter__9167@60a3a0fa"],
                   :gen nil})
                 (jepsen.generator.OnThreads
                  {:f #jepsen.generator.context.AllBut{:element :nemesis},
                   :context-filter #object[jepsen.generator.context$make_thread_filter$lazy_filter__9167
                                           "0x17734113"
                                           "jepsen.generator.context$make_thread_filter$lazy_filter__9167@17734113"],
                   :gen (jepsen.generator.Stagger
                         {:dt 400000000,
                          :next-time nil,
                          :gen (jepsen.generator.EachThread
                                {:fresh-gen #object[maelstrom.workload.echo$workload$fn__16882
                                                    "0x27aa700"
                                                    "maelstrom.workload.echo$workload$fn__16882@27aa700"],
                                 :context-filters #object[clojure.core$promise$reify__8591
                                                          "0xd15f98a"
                                                          {:status :pending,
                                                           :val nil}],
                                 :gens {}})})})]})})
 :log-net-recv false
 :os
 #object[maelstrom.net$jepsen_os$reify__15254
         "0x704c3ca2"
         "maelstrom.net$jepsen_os$reify__15254@704c3ca2"]
 :time-limit 10
 :workload :echo
 :consistency-models [:strict-serializable]
 :topology :grid}

2024-01-06 14:47:02,762{GMT}	INFO	[jepsen node n0] maelstrom.net: Starting Maelstrom network
2024-01-06 14:47:02,763{GMT}	INFO	[jepsen test runner] jepsen.db: Tearing down DB
2024-01-06 14:47:02,764{GMT}	INFO	[jepsen test runner] jepsen.db: Setting up DB
2024-01-06 14:47:02,765{GMT}	INFO	[jepsen node n0] maelstrom.service: Starting services: (lin-kv lin-tso lww-kv seq-kv)
2024-01-06 14:47:02,766{GMT}	INFO	[jepsen node n0] maelstrom.db: Setting up n0
2024-01-06 14:47:02,766{GMT}	INFO	[jepsen node n0] maelstrom.process: launching ./challange_1.py []
2024-01-06 14:47:02,837{GMT}	INFO	[jepsen test runner] jepsen.core: Relative time begins now
2024-01-06 14:47:02,844{GMT}	INFO	[jepsen worker 0] jepsen.util: 0	:invoke	:echo	"Please echo 35"
2024-01-06 14:47:02,847{GMT}	INFO	[jepsen worker 0] jepsen.util: 0	:ok	:echo	{:type "echo_ok", :in_reply_to 1, :echo "Please echo 35", :msg_id 1}
2024-01-06 14:47:03,109{GMT}	INFO	[jepsen worker 0] jepsen.util: 0	:invoke	:echo	"Please echo 103"
2024-01-06 14:47:03,113{GMT}	INFO	[jepsen worker 0] jepsen.util: 0	:ok	:echo	{:type "echo_ok", :in_reply_to 2, :echo "Please echo 103", :msg_id 2}
2024-01-06 14:47:03,429{GMT}	INFO	[jepsen worker 0] jepsen.util: 0	:invoke	:echo	"Please echo 78"
2024-01-06 14:47:03,435{GMT}	INFO	[jepsen worker 0] jepsen.util: 0	:ok	:echo	{:type "echo_ok", :in_reply_to 3, :echo "Please echo 78", :msg_id 3}
2024-01-06 14:47:03,545{GMT}	INFO	[jepsen worker 0] jepsen.util: 0	:invoke	:echo	"Please echo 16"
2024-01-06 14:47:03,549{GMT}	INFO	[jepsen worker 0] jepsen.util: 0	:ok	:echo	{:type "echo_ok", :in_reply_to 4, :echo "Please echo 16", :msg_id 4}
2024-01-06 14:47:03,568{GMT}	INFO	[jepsen worker 0] jepsen.util: 0	:invoke	:echo	"Please echo 57"
2024-01-06 14:47:03,570{GMT}	INFO	[jepsen worker 0] jepsen.util: 0	:ok	:echo	{:type "echo_ok", :in_reply_to 5, :echo "Please echo 57", :msg_id 5}
2024-01-06 14:47:03,630{GMT}	INFO	[jepsen worker 0] jepsen.util: 0	:invoke	:echo	"Please echo 75"
2024-01-06 14:47:03,634{GMT}	INFO	[jepsen worker 0] jepsen.util: 0	:ok	:echo	{:type "echo_ok", :in_reply_to 6, :echo "Please echo 75", :msg_id 6}
2024-01-06 14:47:03,952{GMT}	INFO	[jepsen worker 0] jepsen.util: 0	:invoke	:echo	"Please echo 36"
2024-01-06 14:47:03,956{GMT}	INFO	[jepsen worker 0] jepsen.util: 0	:ok	:echo	{:type "echo_ok", :in_reply_to 7, :echo "Please echo 36", :msg_id 7}
2024-01-06 14:47:04,036{GMT}	INFO	[jepsen worker 0] jepsen.util: 0	:invoke	:echo	"Please echo 100"
2024-01-06 14:47:04,042{GMT}	INFO	[jepsen worker 0] jepsen.util: 0	:ok	:echo	{:type "echo_ok", :in_reply_to 8, :echo "Please echo 100", :msg_id 8}
2024-01-06 14:47:04,134{GMT}	INFO	[jepsen worker 0] jepsen.util: 0	:invoke	:echo	"Please echo 20"
2024-01-06 14:47:04,138{GMT}	INFO	[jepsen worker 0] jepsen.util: 0	:ok	:echo	{:type "echo_ok", :in_reply_to 9, :echo "Please echo 20", :msg_id 9}
2024-01-06 14:47:04,405{GMT}	INFO	[jepsen worker 0] jepsen.util: 0	:invoke	:echo	"Please echo 53"
2024-01-06 14:47:04,411{GMT}	INFO	[jepsen worker 0] jepsen.util: 0	:ok	:echo	{:type "echo_ok", :in_reply_to 10, :echo "Please echo 53", :msg_id 10}
2024-01-06 14:47:04,446{GMT}	INFO	[jepsen worker 0] jepsen.util: 0	:invoke	:echo	"Please echo 12"
2024-01-06 14:47:04,448{GMT}	INFO	[jepsen worker 0] jepsen.util: 0	:ok	:echo	{:type "echo_ok", :in_reply_to 11, :echo "Please echo 12", :msg_id 11}
2024-01-06 14:47:04,812{GMT}	INFO	[jepsen worker 0] jepsen.util: 0	:invoke	:echo	"Please echo 42"
2024-01-06 14:47:04,815{GMT}	INFO	[jepsen worker 0] jepsen.util: 0	:ok	:echo	{:type "echo_ok", :in_reply_to 12, :echo "Please echo 42", :msg_id 12}
2024-01-06 14:47:05,185{GMT}	INFO	[jepsen worker 0] jepsen.util: 0	:invoke	:echo	"Please echo 37"
2024-01-06 14:47:05,188{GMT}	INFO	[jepsen worker 0] jepsen.util: 0	:ok	:echo	{:type "echo_ok", :in_reply_to 13, :echo "Please echo 37", :msg_id 13}
2024-01-06 14:47:05,232{GMT}	INFO	[jepsen worker 0] jepsen.util: 0	:invoke	:echo	"Please echo 100"
2024-01-06 14:47:05,234{GMT}	INFO	[jepsen worker 0] jepsen.util: 0	:ok	:echo	{:type "echo_ok", :in_reply_to 14, :echo "Please echo 100", :msg_id 14}
2024-01-06 14:47:05,545{GMT}	INFO	[jepsen worker 0] jepsen.util: 0	:invoke	:echo	"Please echo 67"
2024-01-06 14:47:05,550{GMT}	INFO	[jepsen worker 0] jepsen.util: 0	:ok	:echo	{:type "echo_ok", :in_reply_to 15, :echo "Please echo 67", :msg_id 15}
2024-01-06 14:47:05,657{GMT}	INFO	[jepsen worker 0] jepsen.util: 0	:invoke	:echo	"Please echo 55"
2024-01-06 14:47:05,661{GMT}	INFO	[jepsen worker 0] jepsen.util: 0	:ok	:echo	{:type "echo_ok", :in_reply_to 16, :echo "Please echo 55", :msg_id 16}
2024-01-06 14:47:05,786{GMT}	INFO	[jepsen worker 0] jepsen.util: 0	:invoke	:echo	"Please echo 96"
2024-01-06 14:47:05,790{GMT}	INFO	[jepsen worker 0] jepsen.util: 0	:ok	:echo	{:type "echo_ok", :in_reply_to 17, :echo "Please echo 96", :msg_id 17}
2024-01-06 14:47:05,830{GMT}	INFO	[jepsen worker 0] jepsen.util: 0	:invoke	:echo	"Please echo 18"
2024-01-06 14:47:05,832{GMT}	INFO	[jepsen worker 0] jepsen.util: 0	:ok	:echo	{:type "echo_ok", :in_reply_to 18, :echo "Please echo 18", :msg_id 18}
2024-01-06 14:47:05,858{GMT}	INFO	[jepsen worker 0] jepsen.util: 0	:invoke	:echo	"Please echo 32"
2024-01-06 14:47:05,863{GMT}	INFO	[jepsen worker 0] jepsen.util: 0	:ok	:echo	{:type "echo_ok", :in_reply_to 19, :echo "Please echo 32", :msg_id 19}
2024-01-06 14:47:06,183{GMT}	INFO	[jepsen worker 0] jepsen.util: 0	:invoke	:echo	"Please echo 37"
2024-01-06 14:47:06,187{GMT}	INFO	[jepsen worker 0] jepsen.util: 0	:ok	:echo	{:type "echo_ok", :in_reply_to 20, :echo "Please echo 37", :msg_id 20}
2024-01-06 14:47:06,312{GMT}	INFO	[jepsen worker 0] jepsen.util: 0	:invoke	:echo	"Please echo 5"
2024-01-06 14:47:06,316{GMT}	INFO	[jepsen worker 0] jepsen.util: 0	:ok	:echo	{:type "echo_ok", :in_reply_to 21, :echo "Please echo 5", :msg_id 21}
2024-01-06 14:47:06,316{GMT}	INFO	[jepsen worker 0] jepsen.util: 0	:invoke	:echo	"Please echo 111"
2024-01-06 14:47:06,318{GMT}	INFO	[jepsen worker 0] jepsen.util: 0	:ok	:echo	{:type "echo_ok", :in_reply_to 22, :echo "Please echo 111", :msg_id 22}
2024-01-06 14:47:06,354{GMT}	INFO	[jepsen worker 0] jepsen.util: 0	:invoke	:echo	"Please echo 105"
2024-01-06 14:47:06,356{GMT}	INFO	[jepsen worker 0] jepsen.util: 0	:ok	:echo	{:type "echo_ok", :in_reply_to 23, :echo "Please echo 105", :msg_id 23}
2024-01-06 14:47:06,586{GMT}	INFO	[jepsen worker 0] jepsen.util: 0	:invoke	:echo	"Please echo 4"
2024-01-06 14:47:06,590{GMT}	INFO	[jepsen worker 0] jepsen.util: 0	:ok	:echo	{:type "echo_ok", :in_reply_to 24, :echo "Please echo 4", :msg_id 24}
2024-01-06 14:47:06,789{GMT}	INFO	[jepsen worker 0] jepsen.util: 0	:invoke	:echo	"Please echo 41"
2024-01-06 14:47:06,793{GMT}	INFO	[jepsen worker 0] jepsen.util: 0	:ok	:echo	{:type "echo_ok", :in_reply_to 25, :echo "Please echo 41", :msg_id 25}
2024-01-06 14:47:06,865{GMT}	INFO	[jepsen worker 0] jepsen.util: 0	:invoke	:echo	"Please echo 110"
2024-01-06 14:47:06,868{GMT}	INFO	[jepsen worker 0] jepsen.util: 0	:ok	:echo	{:type "echo_ok", :in_reply_to 26, :echo "Please echo 110", :msg_id 26}
2024-01-06 14:47:07,045{GMT}	INFO	[jepsen worker 0] jepsen.util: 0	:invoke	:echo	"Please echo 20"
2024-01-06 14:47:07,049{GMT}	INFO	[jepsen worker 0] jepsen.util: 0	:ok	:echo	{:type "echo_ok", :in_reply_to 27, :echo "Please echo 20", :msg_id 27}
2024-01-06 14:47:07,246{GMT}	INFO	[jepsen worker 0] jepsen.util: 0	:invoke	:echo	"Please echo 69"
2024-01-06 14:47:07,251{GMT}	INFO	[jepsen worker 0] jepsen.util: 0	:ok	:echo	{:type "echo_ok", :in_reply_to 28, :echo "Please echo 69", :msg_id 28}
2024-01-06 14:47:07,520{GMT}	INFO	[jepsen worker 0] jepsen.util: 0	:invoke	:echo	"Please echo 77"
2024-01-06 14:47:07,524{GMT}	INFO	[jepsen worker 0] jepsen.util: 0	:ok	:echo	{:type "echo_ok", :in_reply_to 29, :echo "Please echo 77", :msg_id 29}
2024-01-06 14:47:07,889{GMT}	INFO	[jepsen worker 0] jepsen.util: 0	:invoke	:echo	"Please echo 1"
2024-01-06 14:47:07,893{GMT}	INFO	[jepsen worker 0] jepsen.util: 0	:ok	:echo	{:type "echo_ok", :in_reply_to 30, :echo "Please echo 1", :msg_id 30}
2024-01-06 14:47:08,160{GMT}	INFO	[jepsen worker 0] jepsen.util: 0	:invoke	:echo	"Please echo 105"
2024-01-06 14:47:08,164{GMT}	INFO	[jepsen worker 0] jepsen.util: 0	:ok	:echo	{:type "echo_ok", :in_reply_to 31, :echo "Please echo 105", :msg_id 31}
2024-01-06 14:47:08,394{GMT}	INFO	[jepsen worker 0] jepsen.util: 0	:invoke	:echo	"Please echo 8"
2024-01-06 14:47:08,398{GMT}	INFO	[jepsen worker 0] jepsen.util: 0	:ok	:echo	{:type "echo_ok", :in_reply_to 32, :echo "Please echo 8", :msg_id 32}
2024-01-06 14:47:08,698{GMT}	INFO	[jepsen worker 0] jepsen.util: 0	:invoke	:echo	"Please echo 38"
2024-01-06 14:47:08,701{GMT}	INFO	[jepsen worker 0] jepsen.util: 0	:ok	:echo	{:type "echo_ok", :in_reply_to 33, :echo "Please echo 38", :msg_id 33}
2024-01-06 14:47:08,781{GMT}	INFO	[jepsen worker 0] jepsen.util: 0	:invoke	:echo	"Please echo 24"
2024-01-06 14:47:08,786{GMT}	INFO	[jepsen worker 0] jepsen.util: 0	:ok	:echo	{:type "echo_ok", :in_reply_to 34, :echo "Please echo 24", :msg_id 34}
2024-01-06 14:47:09,116{GMT}	INFO	[jepsen worker 0] jepsen.util: 0	:invoke	:echo	"Please echo 124"
2024-01-06 14:47:09,119{GMT}	INFO	[jepsen worker 0] jepsen.util: 0	:ok	:echo	{:type "echo_ok", :in_reply_to 35, :echo "Please echo 124", :msg_id 35}
2024-01-06 14:47:09,298{GMT}	INFO	[jepsen worker 0] jepsen.util: 0	:invoke	:echo	"Please echo 23"
2024-01-06 14:47:09,301{GMT}	INFO	[jepsen worker 0] jepsen.util: 0	:ok	:echo	{:type "echo_ok", :in_reply_to 36, :echo "Please echo 23", :msg_id 36}
2024-01-06 14:47:09,684{GMT}	INFO	[jepsen worker 0] jepsen.util: 0	:invoke	:echo	"Please echo 109"
2024-01-06 14:47:09,687{GMT}	INFO	[jepsen worker 0] jepsen.util: 0	:ok	:echo	{:type "echo_ok", :in_reply_to 37, :echo "Please echo 109", :msg_id 37}
2024-01-06 14:47:10,030{GMT}	INFO	[jepsen worker 0] jepsen.util: 0	:invoke	:echo	"Please echo 108"
2024-01-06 14:47:10,032{GMT}	INFO	[jepsen worker 0] jepsen.util: 0	:ok	:echo	{:type "echo_ok", :in_reply_to 38, :echo "Please echo 108", :msg_id 38}
2024-01-06 14:47:10,151{GMT}	INFO	[jepsen worker 0] jepsen.util: 0	:invoke	:echo	"Please echo 12"
2024-01-06 14:47:10,154{GMT}	INFO	[jepsen worker 0] jepsen.util: 0	:ok	:echo	{:type "echo_ok", :in_reply_to 39, :echo "Please echo 12", :msg_id 39}
2024-01-06 14:47:10,185{GMT}	INFO	[jepsen worker 0] jepsen.util: 0	:invoke	:echo	"Please echo 54"
2024-01-06 14:47:10,187{GMT}	INFO	[jepsen worker 0] jepsen.util: 0	:ok	:echo	{:type "echo_ok", :in_reply_to 40, :echo "Please echo 54", :msg_id 40}
2024-01-06 14:47:10,418{GMT}	INFO	[jepsen worker 0] jepsen.util: 0	:invoke	:echo	"Please echo 96"
2024-01-06 14:47:10,422{GMT}	INFO	[jepsen worker 0] jepsen.util: 0	:ok	:echo	{:type "echo_ok", :in_reply_to 41, :echo "Please echo 96", :msg_id 41}
2024-01-06 14:47:10,818{GMT}	INFO	[jepsen worker 0] jepsen.util: 0	:invoke	:echo	"Please echo 13"
2024-01-06 14:47:10,824{GMT}	INFO	[jepsen worker 0] jepsen.util: 0	:ok	:echo	{:type "echo_ok", :in_reply_to 42, :echo "Please echo 13", :msg_id 42}
2024-01-06 14:47:10,933{GMT}	INFO	[jepsen worker 0] jepsen.util: 0	:invoke	:echo	"Please echo 65"
2024-01-06 14:47:10,936{GMT}	INFO	[jepsen worker 0] jepsen.util: 0	:ok	:echo	{:type "echo_ok", :in_reply_to 43, :echo "Please echo 65", :msg_id 43}
2024-01-06 14:47:11,050{GMT}	INFO	[jepsen worker 0] jepsen.util: 0	:invoke	:echo	"Please echo 19"
2024-01-06 14:47:11,052{GMT}	INFO	[jepsen worker 0] jepsen.util: 0	:ok	:echo	{:type "echo_ok", :in_reply_to 44, :echo "Please echo 19", :msg_id 44}
2024-01-06 14:47:11,383{GMT}	INFO	[jepsen worker 0] jepsen.util: 0	:invoke	:echo	"Please echo 81"
2024-01-06 14:47:11,386{GMT}	INFO	[jepsen worker 0] jepsen.util: 0	:ok	:echo	{:type "echo_ok", :in_reply_to 45, :echo "Please echo 81", :msg_id 45}
2024-01-06 14:47:11,703{GMT}	INFO	[jepsen worker 0] jepsen.util: 0	:invoke	:echo	"Please echo 91"
2024-01-06 14:47:11,706{GMT}	INFO	[jepsen worker 0] jepsen.util: 0	:ok	:echo	{:type "echo_ok", :in_reply_to 46, :echo "Please echo 91", :msg_id 46}
2024-01-06 14:47:11,874{GMT}	INFO	[jepsen worker 0] jepsen.util: 0	:invoke	:echo	"Please echo 7"
2024-01-06 14:47:11,876{GMT}	INFO	[jepsen worker 0] jepsen.util: 0	:ok	:echo	{:type "echo_ok", :in_reply_to 47, :echo "Please echo 7", :msg_id 47}
2024-01-06 14:47:12,081{GMT}	INFO	[jepsen worker 0] jepsen.util: 0	:invoke	:echo	"Please echo 120"
2024-01-06 14:47:12,084{GMT}	INFO	[jepsen worker 0] jepsen.util: 0	:ok	:echo	{:type "echo_ok", :in_reply_to 48, :echo "Please echo 120", :msg_id 48}
2024-01-06 14:47:12,458{GMT}	INFO	[jepsen worker 0] jepsen.util: 0	:invoke	:echo	"Please echo 21"
2024-01-06 14:47:12,462{GMT}	INFO	[jepsen worker 0] jepsen.util: 0	:ok	:echo	{:type "echo_ok", :in_reply_to 49, :echo "Please echo 21", :msg_id 49}
2024-01-06 14:47:12,779{GMT}	INFO	[jepsen worker 0] jepsen.util: 0	:invoke	:echo	"Please echo 59"
2024-01-06 14:47:12,781{GMT}	INFO	[jepsen worker 0] jepsen.util: 0	:ok	:echo	{:type "echo_ok", :in_reply_to 50, :echo "Please echo 59", :msg_id 50}
2024-01-06 14:47:12,799{GMT}	INFO	[jepsen test runner] jepsen.core: Run complete, writing
2024-01-06 14:47:12,843{GMT}	INFO	[jepsen node n0] maelstrom.db: Tearing down n0
2024-01-06 14:47:13,822{GMT}	INFO	[jepsen node n0] maelstrom.net: Shutting down Maelstrom network
2024-01-06 14:47:13,824{GMT}	INFO	[jepsen test runner] jepsen.core: Analyzing...
2024-01-06 14:47:14,038{GMT}	INFO	[jepsen test runner] jepsen.core: Analysis complete
2024-01-06 14:47:14,045{GMT}	INFO	[jepsen results] jepsen.store: Wrote /Users/pankaj.negi/Desktop/repos/maelstrom-problems/store/echo/20240106T144701.874+0530/results.edn
2024-01-06 14:47:14,064{GMT}	INFO	[jepsen test runner] jepsen.core: {:perf {:latency-graph {:valid? true},
        :rate-graph {:valid? true},
        :valid? true},
 :timeline {:valid? true},
 :exceptions {:valid? true},
 :stats {:valid? true,
         :count 50,
         :ok-count 50,
         :fail-count 0,
         :info-count 0,
         :by-f {:echo {:valid? true,
                       :count 50,
                       :ok-count 50,
                       :fail-count 0,
                       :info-count 0}}},
 :availability {:valid? true, :ok-fraction 1.0},
 :net {:all {:send-count 102,
             :recv-count 102,
             :msg-count 102,
             :msgs-per-op 2.04},
       :clients {:send-count 102, :recv-count 102, :msg-count 102},
       :servers {:send-count 0,
                 :recv-count 0,
                 :msg-count 0,
                 :msgs-per-op 0.0},
       :valid? true},
 :workload {:valid? true, :errors ()},
 :valid? true}


Everything looks good! ヽ(‘ー`)ノ
