2024-01-06 15:00:18,078{GMT}	INFO	[jepsen test runner] jepsen.core: Command line:
lein run test -w echo --bin ./challange_1.py --node-count 1 --time-limit 10
2024-01-06 15:00:18,110{GMT}	INFO	[jepsen test runner] jepsen.core: Running test:
{:args []
 :remote
 #jepsen.control.retry.Remote{:remote #jepsen.control.scp.Remote{:cmd-remote #jepsen.control.sshj.SSHJRemote{:concurrency-limit 6,
                                                                                                             :conn-spec nil,
                                                                                                             :client nil,
                                                                                                             :semaphore nil},
                                                                 :conn-spec nil},
                              :conn nil}
 :log-net-send false
 :node-count 1
 :availability nil
 :max-txn-length 4
 :concurrency 1
 :db
 #object[maelstrom.db$db$reify__16142
         "0x4867e76b"
         "maelstrom.db$db$reify__16142@4867e76b"]
 :max-writes-per-key 16
 :leave-db-running? false
 :name "echo"
 :logging-json? false
 :start-time
 #object[org.joda.time.DateTime "0x4b48be5c" "2024-01-06T15:00:18.050+05:30"]
 :nemesis-interval 10
 :net
 #object[maelstrom.net$jepsen_net$reify__15251
         "0x3fe8d57a"
         "maelstrom.net$jepsen_net$reify__15251@3fe8d57a"]
 :client
 #object[maelstrom.workload.echo$client$reify__16863
         "0x36573ec5"
         "maelstrom.workload.echo$client$reify__16863@36573ec5"]
 :barrier
 #object[java.util.concurrent.CyclicBarrier
         "0x10c26161"
         "java.util.concurrent.CyclicBarrier@10c26161"]
 :log-stderr false
 :pure-generators true
 :ssh {:dummy? true}
 :rate 5
 :checker
 #object[jepsen.checker$compose$reify__11881
         "0x1ef6977b"
         "jepsen.checker$compose$reify__11881@1ef6977b"]
 :argv
 ("test"
  "-w"
  "echo"
  "--bin"
  "./challange_1.py"
  "--node-count"
  "1"
  "--time-limit"
  "10")
 :nemesis
 (jepsen.nemesis.ReflCompose
  {:fm {:start-partition 0,
        :stop-partition 0,
        :kill 1,
        :start 1,
        :pause 1,
        :resume 1},
   :nemeses [#unprintable "jepsen.nemesis.combined$partition_nemesis$reify__16416@674cd2da"
             #unprintable "jepsen.nemesis.combined$db_nemesis$reify__16397@686279e0"]})
 :nodes ["n0"]
 :test-count 1
 :latency {:mean 0, :dist :constant}
 :bin "./challange_1.py"
 :generator
 (jepsen.generator.TimeLimit
  {:limit 10000000000,
   :cutoff nil,
   :gen (jepsen.generator.Any
         {:gens [(jepsen.generator.OnThreads
                  {:f #{:nemesis},
                   :context-filter #object[jepsen.generator.context$make_thread_filter$lazy_filter__9167
                                           "0x60a3a0fa"
                                           "jepsen.generator.context$make_thread_filter$lazy_filter__9167@60a3a0fa"],
                   :gen nil})
                 (jepsen.generator.OnThreads
                  {:f #jepsen.generator.context.AllBut{:element :nemesis},
                   :context-filter #object[jepsen.generator.context$make_thread_filter$lazy_filter__9167
                                           "0x17734113"
                                           "jepsen.generator.context$make_thread_filter$lazy_filter__9167@17734113"],
                   :gen (jepsen.generator.Stagger
                         {:dt 400000000,
                          :next-time nil,
                          :gen (jepsen.generator.EachThread
                                {:fresh-gen #object[maelstrom.workload.echo$workload$fn__16882
                                                    "0x27aa700"
                                                    "maelstrom.workload.echo$workload$fn__16882@27aa700"],
                                 :context-filters #object[clojure.core$promise$reify__8591
                                                          "0xd15f98a"
                                                          {:status :pending,
                                                           :val nil}],
                                 :gens {}})})})]})})
 :log-net-recv false
 :os
 #object[maelstrom.net$jepsen_os$reify__15254
         "0x704c3ca2"
         "maelstrom.net$jepsen_os$reify__15254@704c3ca2"]
 :time-limit 10
 :workload :echo
 :consistency-models [:strict-serializable]
 :topology :grid}

2024-01-06 15:00:18,939{GMT}	INFO	[jepsen node n0] maelstrom.net: Starting Maelstrom network
2024-01-06 15:00:18,940{GMT}	INFO	[jepsen test runner] jepsen.db: Tearing down DB
2024-01-06 15:00:18,941{GMT}	INFO	[jepsen test runner] jepsen.db: Setting up DB
2024-01-06 15:00:18,942{GMT}	INFO	[jepsen node n0] maelstrom.service: Starting services: (lin-kv lin-tso lww-kv seq-kv)
2024-01-06 15:00:18,942{GMT}	INFO	[jepsen node n0] maelstrom.db: Setting up n0
2024-01-06 15:00:18,943{GMT}	INFO	[jepsen node n0] maelstrom.process: launching ./challange_1.py []
2024-01-06 15:00:19,030{GMT}	INFO	[jepsen test runner] jepsen.core: Relative time begins now
2024-01-06 15:00:19,037{GMT}	INFO	[jepsen worker 0] jepsen.util: 0	:invoke	:echo	"Please echo 117"
2024-01-06 15:00:19,040{GMT}	INFO	[jepsen worker 0] jepsen.util: 0	:ok	:echo	{:type "echo_ok", :in_reply_to 1, :echo "Please echo 117", :msg_id 1}
2024-01-06 15:00:19,077{GMT}	INFO	[jepsen worker 0] jepsen.util: 0	:invoke	:echo	"Please echo 88"
2024-01-06 15:00:19,078{GMT}	INFO	[jepsen worker 0] jepsen.util: 0	:ok	:echo	{:type "echo_ok", :in_reply_to 2, :echo "Please echo 88", :msg_id 2}
2024-01-06 15:00:19,413{GMT}	INFO	[jepsen worker 0] jepsen.util: 0	:invoke	:echo	"Please echo 98"
2024-01-06 15:00:19,416{GMT}	INFO	[jepsen worker 0] jepsen.util: 0	:ok	:echo	{:type "echo_ok", :in_reply_to 3, :echo "Please echo 98", :msg_id 3}
2024-01-06 15:00:19,756{GMT}	INFO	[jepsen worker 0] jepsen.util: 0	:invoke	:echo	"Please echo 75"
2024-01-06 15:00:19,760{GMT}	INFO	[jepsen worker 0] jepsen.util: 0	:ok	:echo	{:type "echo_ok", :in_reply_to 4, :echo "Please echo 75", :msg_id 4}
2024-01-06 15:00:19,972{GMT}	INFO	[jepsen worker 0] jepsen.util: 0	:invoke	:echo	"Please echo 60"
2024-01-06 15:00:19,976{GMT}	INFO	[jepsen worker 0] jepsen.util: 0	:ok	:echo	{:type "echo_ok", :in_reply_to 5, :echo "Please echo 60", :msg_id 5}
2024-01-06 15:00:20,068{GMT}	INFO	[jepsen worker 0] jepsen.util: 0	:invoke	:echo	"Please echo 19"
2024-01-06 15:00:20,071{GMT}	INFO	[jepsen worker 0] jepsen.util: 0	:ok	:echo	{:type "echo_ok", :in_reply_to 6, :echo "Please echo 19", :msg_id 6}
2024-01-06 15:00:20,331{GMT}	INFO	[jepsen worker 0] jepsen.util: 0	:invoke	:echo	"Please echo 110"
2024-01-06 15:00:20,336{GMT}	INFO	[jepsen worker 0] jepsen.util: 0	:ok	:echo	{:type "echo_ok", :in_reply_to 7, :echo "Please echo 110", :msg_id 7}
2024-01-06 15:00:20,463{GMT}	INFO	[jepsen worker 0] jepsen.util: 0	:invoke	:echo	"Please echo 90"
2024-01-06 15:00:20,465{GMT}	INFO	[jepsen worker 0] jepsen.util: 0	:ok	:echo	{:type "echo_ok", :in_reply_to 8, :echo "Please echo 90", :msg_id 8}
2024-01-06 15:00:20,696{GMT}	INFO	[jepsen worker 0] jepsen.util: 0	:invoke	:echo	"Please echo 15"
2024-01-06 15:00:20,701{GMT}	INFO	[jepsen worker 0] jepsen.util: 0	:ok	:echo	{:type "echo_ok", :in_reply_to 9, :echo "Please echo 15", :msg_id 9}
2024-01-06 15:00:21,094{GMT}	INFO	[jepsen worker 0] jepsen.util: 0	:invoke	:echo	"Please echo 56"
2024-01-06 15:00:21,100{GMT}	INFO	[jepsen worker 0] jepsen.util: 0	:ok	:echo	{:type "echo_ok", :in_reply_to 10, :echo "Please echo 56", :msg_id 10}
2024-01-06 15:00:21,277{GMT}	INFO	[jepsen worker 0] jepsen.util: 0	:invoke	:echo	"Please echo 33"
2024-01-06 15:00:21,280{GMT}	INFO	[jepsen worker 0] jepsen.util: 0	:ok	:echo	{:type "echo_ok", :in_reply_to 11, :echo "Please echo 33", :msg_id 11}
2024-01-06 15:00:21,348{GMT}	INFO	[jepsen worker 0] jepsen.util: 0	:invoke	:echo	"Please echo 125"
2024-01-06 15:00:21,350{GMT}	INFO	[jepsen worker 0] jepsen.util: 0	:ok	:echo	{:type "echo_ok", :in_reply_to 12, :echo "Please echo 125", :msg_id 12}
2024-01-06 15:00:21,729{GMT}	INFO	[jepsen worker 0] jepsen.util: 0	:invoke	:echo	"Please echo 114"
2024-01-06 15:00:21,731{GMT}	INFO	[jepsen worker 0] jepsen.util: 0	:ok	:echo	{:type "echo_ok", :in_reply_to 13, :echo "Please echo 114", :msg_id 13}
2024-01-06 15:00:21,984{GMT}	INFO	[jepsen worker 0] jepsen.util: 0	:invoke	:echo	"Please echo 19"
2024-01-06 15:00:21,988{GMT}	INFO	[jepsen worker 0] jepsen.util: 0	:ok	:echo	{:type "echo_ok", :in_reply_to 14, :echo "Please echo 19", :msg_id 14}
2024-01-06 15:00:21,989{GMT}	INFO	[jepsen worker 0] jepsen.util: 0	:invoke	:echo	"Please echo 110"
2024-01-06 15:00:21,990{GMT}	INFO	[jepsen worker 0] jepsen.util: 0	:ok	:echo	{:type "echo_ok", :in_reply_to 15, :echo "Please echo 110", :msg_id 15}
2024-01-06 15:00:22,141{GMT}	INFO	[jepsen worker 0] jepsen.util: 0	:invoke	:echo	"Please echo 0"
2024-01-06 15:00:22,146{GMT}	INFO	[jepsen worker 0] jepsen.util: 0	:ok	:echo	{:type "echo_ok", :in_reply_to 16, :echo "Please echo 0", :msg_id 16}
2024-01-06 15:00:22,182{GMT}	INFO	[jepsen worker 0] jepsen.util: 0	:invoke	:echo	"Please echo 5"
2024-01-06 15:00:22,183{GMT}	INFO	[jepsen worker 0] jepsen.util: 0	:ok	:echo	{:type "echo_ok", :in_reply_to 17, :echo "Please echo 5", :msg_id 17}
2024-01-06 15:00:22,232{GMT}	INFO	[jepsen worker 0] jepsen.util: 0	:invoke	:echo	"Please echo 48"
2024-01-06 15:00:22,233{GMT}	INFO	[jepsen worker 0] jepsen.util: 0	:ok	:echo	{:type "echo_ok", :in_reply_to 18, :echo "Please echo 48", :msg_id 18}
2024-01-06 15:00:22,397{GMT}	INFO	[jepsen worker 0] jepsen.util: 0	:invoke	:echo	"Please echo 94"
2024-01-06 15:00:22,401{GMT}	INFO	[jepsen worker 0] jepsen.util: 0	:ok	:echo	{:type "echo_ok", :in_reply_to 19, :echo "Please echo 94", :msg_id 19}
2024-01-06 15:00:22,660{GMT}	INFO	[jepsen worker 0] jepsen.util: 0	:invoke	:echo	"Please echo 85"
2024-01-06 15:00:22,665{GMT}	INFO	[jepsen worker 0] jepsen.util: 0	:ok	:echo	{:type "echo_ok", :in_reply_to 20, :echo "Please echo 85", :msg_id 20}
2024-01-06 15:00:22,938{GMT}	INFO	[jepsen worker 0] jepsen.util: 0	:invoke	:echo	"Please echo 21"
2024-01-06 15:00:22,943{GMT}	INFO	[jepsen worker 0] jepsen.util: 0	:ok	:echo	{:type "echo_ok", :in_reply_to 21, :echo "Please echo 21", :msg_id 21}
2024-01-06 15:00:23,207{GMT}	INFO	[jepsen worker 0] jepsen.util: 0	:invoke	:echo	"Please echo 33"
2024-01-06 15:00:23,209{GMT}	INFO	[jepsen worker 0] jepsen.util: 0	:ok	:echo	{:type "echo_ok", :in_reply_to 22, :echo "Please echo 33", :msg_id 22}
2024-01-06 15:00:23,250{GMT}	INFO	[jepsen worker 0] jepsen.util: 0	:invoke	:echo	"Please echo 68"
2024-01-06 15:00:23,252{GMT}	INFO	[jepsen worker 0] jepsen.util: 0	:ok	:echo	{:type "echo_ok", :in_reply_to 23, :echo "Please echo 68", :msg_id 23}
2024-01-06 15:00:23,409{GMT}	INFO	[jepsen worker 0] jepsen.util: 0	:invoke	:echo	"Please echo 108"
2024-01-06 15:00:23,413{GMT}	INFO	[jepsen worker 0] jepsen.util: 0	:ok	:echo	{:type "echo_ok", :in_reply_to 24, :echo "Please echo 108", :msg_id 24}
2024-01-06 15:00:23,547{GMT}	INFO	[jepsen worker 0] jepsen.util: 0	:invoke	:echo	"Please echo 86"
2024-01-06 15:00:23,550{GMT}	INFO	[jepsen worker 0] jepsen.util: 0	:ok	:echo	{:type "echo_ok", :in_reply_to 25, :echo "Please echo 86", :msg_id 25}
2024-01-06 15:00:23,817{GMT}	INFO	[jepsen worker 0] jepsen.util: 0	:invoke	:echo	"Please echo 4"
2024-01-06 15:00:23,821{GMT}	INFO	[jepsen worker 0] jepsen.util: 0	:ok	:echo	{:type "echo_ok", :in_reply_to 26, :echo "Please echo 4", :msg_id 26}
2024-01-06 15:00:24,011{GMT}	INFO	[jepsen worker 0] jepsen.util: 0	:invoke	:echo	"Please echo 55"
2024-01-06 15:00:24,014{GMT}	INFO	[jepsen worker 0] jepsen.util: 0	:ok	:echo	{:type "echo_ok", :in_reply_to 27, :echo "Please echo 55", :msg_id 27}
2024-01-06 15:00:24,199{GMT}	INFO	[jepsen worker 0] jepsen.util: 0	:invoke	:echo	"Please echo 31"
2024-01-06 15:00:24,203{GMT}	INFO	[jepsen worker 0] jepsen.util: 0	:ok	:echo	{:type "echo_ok", :in_reply_to 28, :echo "Please echo 31", :msg_id 28}
2024-01-06 15:00:24,583{GMT}	INFO	[jepsen worker 0] jepsen.util: 0	:invoke	:echo	"Please echo 57"
2024-01-06 15:00:24,587{GMT}	INFO	[jepsen worker 0] jepsen.util: 0	:ok	:echo	{:type "echo_ok", :in_reply_to 29, :echo "Please echo 57", :msg_id 29}
2024-01-06 15:00:24,796{GMT}	INFO	[jepsen worker 0] jepsen.util: 0	:invoke	:echo	"Please echo 66"
2024-01-06 15:00:24,799{GMT}	INFO	[jepsen worker 0] jepsen.util: 0	:ok	:echo	{:type "echo_ok", :in_reply_to 30, :echo "Please echo 66", :msg_id 30}
2024-01-06 15:00:25,189{GMT}	INFO	[jepsen worker 0] jepsen.util: 0	:invoke	:echo	"Please echo 79"
2024-01-06 15:00:25,193{GMT}	INFO	[jepsen worker 0] jepsen.util: 0	:ok	:echo	{:type "echo_ok", :in_reply_to 31, :echo "Please echo 79", :msg_id 31}
2024-01-06 15:00:25,528{GMT}	INFO	[jepsen worker 0] jepsen.util: 0	:invoke	:echo	"Please echo 73"
2024-01-06 15:00:25,533{GMT}	INFO	[jepsen worker 0] jepsen.util: 0	:ok	:echo	{:type "echo_ok", :in_reply_to 32, :echo "Please echo 73", :msg_id 32}
2024-01-06 15:00:25,743{GMT}	INFO	[jepsen worker 0] jepsen.util: 0	:invoke	:echo	"Please echo 124"
2024-01-06 15:00:25,748{GMT}	INFO	[jepsen worker 0] jepsen.util: 0	:ok	:echo	{:type "echo_ok", :in_reply_to 33, :echo "Please echo 124", :msg_id 33}
2024-01-06 15:00:26,047{GMT}	INFO	[jepsen worker 0] jepsen.util: 0	:invoke	:echo	"Please echo 31"
2024-01-06 15:00:26,050{GMT}	INFO	[jepsen worker 0] jepsen.util: 0	:ok	:echo	{:type "echo_ok", :in_reply_to 34, :echo "Please echo 31", :msg_id 34}
2024-01-06 15:00:26,286{GMT}	INFO	[jepsen worker 0] jepsen.util: 0	:invoke	:echo	"Please echo 83"
2024-01-06 15:00:26,290{GMT}	INFO	[jepsen worker 0] jepsen.util: 0	:ok	:echo	{:type "echo_ok", :in_reply_to 35, :echo "Please echo 83", :msg_id 35}
2024-01-06 15:00:26,428{GMT}	INFO	[jepsen worker 0] jepsen.util: 0	:invoke	:echo	"Please echo 41"
2024-01-06 15:00:26,434{GMT}	INFO	[jepsen worker 0] jepsen.util: 0	:ok	:echo	{:type "echo_ok", :in_reply_to 36, :echo "Please echo 41", :msg_id 36}
2024-01-06 15:00:26,747{GMT}	INFO	[jepsen worker 0] jepsen.util: 0	:invoke	:echo	"Please echo 35"
2024-01-06 15:00:26,748{GMT}	INFO	[jepsen worker 0] jepsen.util: 0	:ok	:echo	{:type "echo_ok", :in_reply_to 37, :echo "Please echo 35", :msg_id 37}
2024-01-06 15:00:26,968{GMT}	INFO	[jepsen worker 0] jepsen.util: 0	:invoke	:echo	"Please echo 106"
2024-01-06 15:00:26,972{GMT}	INFO	[jepsen worker 0] jepsen.util: 0	:ok	:echo	{:type "echo_ok", :in_reply_to 38, :echo "Please echo 106", :msg_id 38}
2024-01-06 15:00:27,304{GMT}	INFO	[jepsen worker 0] jepsen.util: 0	:invoke	:echo	"Please echo 17"
2024-01-06 15:00:27,308{GMT}	INFO	[jepsen worker 0] jepsen.util: 0	:ok	:echo	{:type "echo_ok", :in_reply_to 39, :echo "Please echo 17", :msg_id 39}
2024-01-06 15:00:27,697{GMT}	INFO	[jepsen worker 0] jepsen.util: 0	:invoke	:echo	"Please echo 109"
2024-01-06 15:00:27,700{GMT}	INFO	[jepsen worker 0] jepsen.util: 0	:ok	:echo	{:type "echo_ok", :in_reply_to 40, :echo "Please echo 109", :msg_id 40}
2024-01-06 15:00:27,798{GMT}	INFO	[jepsen worker 0] jepsen.util: 0	:invoke	:echo	"Please echo 46"
2024-01-06 15:00:27,802{GMT}	INFO	[jepsen worker 0] jepsen.util: 0	:ok	:echo	{:type "echo_ok", :in_reply_to 41, :echo "Please echo 46", :msg_id 41}
2024-01-06 15:00:28,130{GMT}	INFO	[jepsen worker 0] jepsen.util: 0	:invoke	:echo	"Please echo 26"
2024-01-06 15:00:28,134{GMT}	INFO	[jepsen worker 0] jepsen.util: 0	:ok	:echo	{:type "echo_ok", :in_reply_to 42, :echo "Please echo 26", :msg_id 42}
2024-01-06 15:00:28,152{GMT}	INFO	[jepsen worker 0] jepsen.util: 0	:invoke	:echo	"Please echo 85"
2024-01-06 15:00:28,154{GMT}	INFO	[jepsen worker 0] jepsen.util: 0	:ok	:echo	{:type "echo_ok", :in_reply_to 43, :echo "Please echo 85", :msg_id 43}
2024-01-06 15:00:28,445{GMT}	INFO	[jepsen worker 0] jepsen.util: 0	:invoke	:echo	"Please echo 67"
2024-01-06 15:00:28,448{GMT}	INFO	[jepsen worker 0] jepsen.util: 0	:ok	:echo	{:type "echo_ok", :in_reply_to 44, :echo "Please echo 67", :msg_id 44}
2024-01-06 15:00:28,642{GMT}	INFO	[jepsen worker 0] jepsen.util: 0	:invoke	:echo	"Please echo 15"
2024-01-06 15:00:28,646{GMT}	INFO	[jepsen worker 0] jepsen.util: 0	:ok	:echo	{:type "echo_ok", :in_reply_to 45, :echo "Please echo 15", :msg_id 45}
2024-01-06 15:00:28,646{GMT}	INFO	[jepsen worker 0] jepsen.util: 0	:invoke	:echo	"Please echo 116"
2024-01-06 15:00:28,647{GMT}	INFO	[jepsen worker 0] jepsen.util: 0	:ok	:echo	{:type "echo_ok", :in_reply_to 46, :echo "Please echo 116", :msg_id 46}
2024-01-06 15:00:28,782{GMT}	INFO	[jepsen worker 0] jepsen.util: 0	:invoke	:echo	"Please echo 17"
2024-01-06 15:00:28,786{GMT}	INFO	[jepsen worker 0] jepsen.util: 0	:ok	:echo	{:type "echo_ok", :in_reply_to 47, :echo "Please echo 17", :msg_id 47}
2024-01-06 15:00:29,020{GMT}	INFO	[jepsen worker 0] jepsen.util: 0	:invoke	:echo	"Please echo 65"
2024-01-06 15:00:29,024{GMT}	INFO	[jepsen worker 0] jepsen.util: 0	:ok	:echo	{:type "echo_ok", :in_reply_to 48, :echo "Please echo 65", :msg_id 48}
2024-01-06 15:00:29,043{GMT}	INFO	[jepsen test runner] jepsen.core: Run complete, writing
2024-01-06 15:00:29,094{GMT}	INFO	[jepsen node n0] maelstrom.db: Tearing down n0
2024-01-06 15:00:30,992{GMT}	INFO	[jepsen node n0] maelstrom.net: Shutting down Maelstrom network
2024-01-06 15:00:30,994{GMT}	INFO	[jepsen test runner] jepsen.core: Analyzing...
2024-01-06 15:00:31,159{GMT}	INFO	[jepsen test runner] jepsen.core: Analysis complete
2024-01-06 15:00:31,166{GMT}	INFO	[jepsen results] jepsen.store: Wrote /Users/pankaj.negi/Desktop/repos/maelstrom-problems/store/echo/20240106T150018.050+0530/results.edn
2024-01-06 15:00:31,191{GMT}	INFO	[jepsen test runner] jepsen.core: {:perf {:latency-graph {:valid? true},
        :rate-graph {:valid? true},
        :valid? true},
 :timeline {:valid? true},
 :exceptions {:valid? true},
 :stats {:valid? true,
         :count 48,
         :ok-count 48,
         :fail-count 0,
         :info-count 0,
         :by-f {:echo {:valid? true,
                       :count 48,
                       :ok-count 48,
                       :fail-count 0,
                       :info-count 0}}},
 :availability {:valid? true, :ok-fraction 1.0},
 :net {:all {:send-count 98,
             :recv-count 98,
             :msg-count 98,
             :msgs-per-op 2.0416667},
       :clients {:send-count 98, :recv-count 98, :msg-count 98},
       :servers {:send-count 0,
                 :recv-count 0,
                 :msg-count 0,
                 :msgs-per-op 0.0},
       :valid? true},
 :workload {:valid? true, :errors ()},
 :valid? true}


Everything looks good! ヽ(‘ー`)ノ
