2024-01-06 14:47:25,598{GMT}	INFO	[jepsen test runner] jepsen.core: Command line:
lein run test -w echo --bin ./challange_2.py --node-count 1 --time-limit 10
2024-01-06 14:47:25,630{GMT}	INFO	[jepsen test runner] jepsen.core: Running test:
{:args []
 :remote
 #jepsen.control.retry.Remote{:remote #jepsen.control.scp.Remote{:cmd-remote #jepsen.control.sshj.SSHJRemote{:concurrency-limit 6,
                                                                                                             :conn-spec nil,
                                                                                                             :client nil,
                                                                                                             :semaphore nil},
                                                                 :conn-spec nil},
                              :conn nil}
 :log-net-send false
 :node-count 1
 :availability nil
 :max-txn-length 4
 :concurrency 1
 :db
 #object[maelstrom.db$db$reify__16142
         "0x4867e76b"
         "maelstrom.db$db$reify__16142@4867e76b"]
 :max-writes-per-key 16
 :leave-db-running? false
 :name "echo"
 :logging-json? false
 :start-time
 #object[org.joda.time.DateTime "0x4b48be5c" "2024-01-06T14:47:25.569+05:30"]
 :nemesis-interval 10
 :net
 #object[maelstrom.net$jepsen_net$reify__15251
         "0x3fe8d57a"
         "maelstrom.net$jepsen_net$reify__15251@3fe8d57a"]
 :client
 #object[maelstrom.workload.echo$client$reify__16863
         "0x36573ec5"
         "maelstrom.workload.echo$client$reify__16863@36573ec5"]
 :barrier
 #object[java.util.concurrent.CyclicBarrier
         "0x10c26161"
         "java.util.concurrent.CyclicBarrier@10c26161"]
 :log-stderr false
 :pure-generators true
 :ssh {:dummy? true}
 :rate 5
 :checker
 #object[jepsen.checker$compose$reify__11881
         "0x1ef6977b"
         "jepsen.checker$compose$reify__11881@1ef6977b"]
 :argv
 ("test"
  "-w"
  "echo"
  "--bin"
  "./challange_2.py"
  "--node-count"
  "1"
  "--time-limit"
  "10")
 :nemesis
 (jepsen.nemesis.ReflCompose
  {:fm {:start-partition 0,
        :stop-partition 0,
        :kill 1,
        :start 1,
        :pause 1,
        :resume 1},
   :nemeses [#unprintable "jepsen.nemesis.combined$partition_nemesis$reify__16416@674cd2da"
             #unprintable "jepsen.nemesis.combined$db_nemesis$reify__16397@686279e0"]})
 :nodes ["n0"]
 :test-count 1
 :latency {:mean 0, :dist :constant}
 :bin "./challange_2.py"
 :generator
 (jepsen.generator.TimeLimit
  {:limit 10000000000,
   :cutoff nil,
   :gen (jepsen.generator.Any
         {:gens [(jepsen.generator.OnThreads
                  {:f #{:nemesis},
                   :context-filter #object[jepsen.generator.context$make_thread_filter$lazy_filter__9167
                                           "0x60a3a0fa"
                                           "jepsen.generator.context$make_thread_filter$lazy_filter__9167@60a3a0fa"],
                   :gen nil})
                 (jepsen.generator.OnThreads
                  {:f #jepsen.generator.context.AllBut{:element :nemesis},
                   :context-filter #object[jepsen.generator.context$make_thread_filter$lazy_filter__9167
                                           "0x17734113"
                                           "jepsen.generator.context$make_thread_filter$lazy_filter__9167@17734113"],
                   :gen (jepsen.generator.Stagger
                         {:dt 400000000,
                          :next-time nil,
                          :gen (jepsen.generator.EachThread
                                {:fresh-gen #object[maelstrom.workload.echo$workload$fn__16882
                                                    "0x27aa700"
                                                    "maelstrom.workload.echo$workload$fn__16882@27aa700"],
                                 :context-filters #object[clojure.core$promise$reify__8591
                                                          "0xd15f98a"
                                                          {:status :pending,
                                                           :val nil}],
                                 :gens {}})})})]})})
 :log-net-recv false
 :os
 #object[maelstrom.net$jepsen_os$reify__15254
         "0x704c3ca2"
         "maelstrom.net$jepsen_os$reify__15254@704c3ca2"]
 :time-limit 10
 :workload :echo
 :consistency-models [:strict-serializable]
 :topology :grid}

2024-01-06 14:47:26,461{GMT}	INFO	[jepsen node n0] maelstrom.net: Starting Maelstrom network
2024-01-06 14:47:26,462{GMT}	INFO	[jepsen test runner] jepsen.db: Tearing down DB
2024-01-06 14:47:26,463{GMT}	INFO	[jepsen test runner] jepsen.db: Setting up DB
2024-01-06 14:47:26,464{GMT}	INFO	[jepsen node n0] maelstrom.service: Starting services: (lin-kv lin-tso lww-kv seq-kv)
2024-01-06 14:47:26,464{GMT}	INFO	[jepsen node n0] maelstrom.db: Setting up n0
2024-01-06 14:47:26,465{GMT}	INFO	[jepsen node n0] maelstrom.process: launching ./challange_2.py []
2024-01-06 14:47:26,536{GMT}	INFO	[jepsen test runner] jepsen.core: Relative time begins now
2024-01-06 14:47:26,544{GMT}	INFO	[jepsen worker 0] jepsen.util: 0	:invoke	:echo	"Please echo 72"
2024-01-06 14:47:31,554{GMT}	INFO	[jepsen worker 0] jepsen.util: 0	:info	:echo	"Please echo 72"	:net-timeout
2024-01-06 14:47:31,557{GMT}	INFO	[jepsen worker 0] jepsen.util: 1	:invoke	:echo	"Please echo 98"
2024-01-06 14:47:36,564{GMT}	INFO	[jepsen worker 0] jepsen.util: 1	:info	:echo	"Please echo 98"	:net-timeout
2024-01-06 14:47:36,584{GMT}	INFO	[jepsen test runner] jepsen.core: Run complete, writing
2024-01-06 14:47:36,611{GMT}	INFO	[jepsen node n0] maelstrom.db: Tearing down n0
2024-01-06 14:47:38,505{GMT}	INFO	[jepsen node n0] maelstrom.net: Shutting down Maelstrom network
2024-01-06 14:47:38,507{GMT}	INFO	[jepsen test runner] jepsen.core: Analyzing...
2024-01-06 14:47:38,665{GMT}	INFO	[jepsen test runner] jepsen.core: Analysis complete
2024-01-06 14:47:38,671{GMT}	INFO	[jepsen results] jepsen.store: Wrote /Users/pankaj.negi/Desktop/repos/maelstrom-problems/store/echo/20240106T144725.569+0530/results.edn
2024-01-06 14:47:38,693{GMT}	INFO	[jepsen test runner] jepsen.core: {:perf {:latency-graph {:valid? true},
        :rate-graph {:valid? true},
        :valid? true},
 :timeline {:valid? true},
 :exceptions {:valid? true},
 :stats {:valid? false,
         :count 2,
         :ok-count 0,
         :fail-count 0,
         :info-count 2,
         :by-f {:echo {:valid? false,
                       :count 2,
                       :ok-count 0,
                       :fail-count 0,
                       :info-count 2}}},
 :availability {:valid? true, :ok-fraction 0.0},
 :net {:all {:send-count 6,
             :recv-count 6,
             :msg-count 6,
             :msgs-per-op 3.0},
       :clients {:send-count 4, :recv-count 4, :msg-count 4},
       :servers {:send-count 2,
                 :recv-count 2,
                 :msg-count 2,
                 :msgs-per-op 1.0},
       :valid? true},
 :workload {:valid? true, :errors ()},
 :valid? false}


Analysis invalid! (ﾉಥ益ಥ）ﾉ ┻━┻
